{
  "stats": {
    "suites": 2,
    "tests": 10,
    "passes": 10,
    "pending": 0,
    "failures": 0,
    "testsRegistered": 10,
    "passPercent": 100,
    "pendingPercent": 0,
    "other": 0,
    "hasOther": false,
    "skipped": 0,
    "hasSkipped": false,
    "start": "2024-05-10T14:40:26.185Z",
    "end": "2024-05-10T14:44:31.281Z",
    "duration": 245096
  },
  "results": [
    {
      "uuid": "3271b57f-da65-4a9f-9d3f-3a251b0e4e69",
      "title": "",
      "fullFile": "cypress\\e2e\\compra-saucedemo\\compra.cy.js",
      "file": "cypress\\e2e\\compra-saucedemo\\compra.cy.js",
      "beforeHooks": [],
      "afterHooks": [],
      "tests": [],
      "suites": [
        {
          "uuid": "41716e98-c332-4d6e-8f21-b0f2f34a8c08",
          "title": "Comprar dos productos",
          "fullFile": "",
          "file": "",
          "beforeHooks": [],
          "afterHooks": [],
          "tests": [],
          "suites": [
            {
              "uuid": "7966f5f1-c373-443c-9456-4e67c5c864c0",
              "title": "Ingresar con el usuario standard_user",
              "fullFile": "",
              "file": "",
              "beforeHooks": [],
              "afterHooks": [],
              "tests": [
                {
                  "title": "debe ingresar a la tienda",
                  "fullTitle": "Comprar dos productos Ingresar con el usuario standard_user debe ingresar a la tienda",
                  "timedOut": null,
                  "duration": 2192,
                  "state": "passed",
                  "speed": "fast",
                  "pass": true,
                  "fail": false,
                  "pending": false,
                  "context": null,
                  "code": "cy.get('#user-name').type(\"standard_user\");\ncy.get('#user-name').should('have.value', 'standard_user');\ncy.get('#password').type(\"secret_sauce\");\ncy.get('#password').should('have.value', 'secret_sauce');\ncy.get('#login-button').click();",
                  "err": {},
                  "uuid": "df653dc3-3348-4448-9b47-6ad288d52019",
                  "parentUUID": "7966f5f1-c373-443c-9456-4e67c5c864c0",
                  "isHook": false,
                  "skipped": false
                },
                {
                  "title": "debe agregar dos productos al carrito",
                  "fullTitle": "Comprar dos productos Ingresar con el usuario standard_user debe agregar dos productos al carrito",
                  "timedOut": null,
                  "duration": 207,
                  "state": "passed",
                  "speed": "fast",
                  "pass": true,
                  "fail": false,
                  "pending": false,
                  "context": null,
                  "code": "cy.url().should(\"include\", \"/inventory.html\");\ncy.get('.inventory_item_name').contains('Sauce Labs Backpack').parentsUntil('.inventory_item_description').parent().find('button').focus().click();\ncy.get('div.inventory_item_name').contains('Sauce Labs Fleece Jacket').parentsUntil('.inventory_item_description').parent().find('button').focus().click({});\ncy.get('span.shopping_cart_badge').should('contain', '2');",
                  "err": {},
                  "uuid": "88dabf25-00da-4723-8741-7b6ef783af6a",
                  "parentUUID": "7966f5f1-c373-443c-9456-4e67c5c864c0",
                  "isHook": false,
                  "skipped": false
                },
                {
                  "title": "debe visualizar el carrito",
                  "fullTitle": "Comprar dos productos Ingresar con el usuario standard_user debe visualizar el carrito",
                  "timedOut": null,
                  "duration": 105,
                  "state": "passed",
                  "speed": "fast",
                  "pass": true,
                  "fail": false,
                  "pending": false,
                  "context": null,
                  "code": "cy.get('div.shopping_cart_container > a').click();\ncy.url().should(\"include\", \"/cart.html\");\ncy.get('div.cart_item').should('have.length', 2);",
                  "err": {},
                  "uuid": "ece2f5b7-ca77-4770-ad92-c0d04d1ad3c7",
                  "parentUUID": "7966f5f1-c373-443c-9456-4e67c5c864c0",
                  "isHook": false,
                  "skipped": false
                },
                {
                  "title": "debe llenar el formulario de compra",
                  "fullTitle": "Comprar dos productos Ingresar con el usuario standard_user debe llenar el formulario de compra",
                  "timedOut": null,
                  "duration": 810,
                  "state": "passed",
                  "speed": "fast",
                  "pass": true,
                  "fail": false,
                  "pending": false,
                  "context": null,
                  "code": "cy.get('#checkout').click();\ncy.url().should('include', '/checkout-step-one.html');\ncy.get('input#first-name').type('Rose');\ncy.get('input#first-name').should('have.value', 'Rose');\ncy.get('input#last-name').type('Rosell');\ncy.get('input#last-name').should('have.value', 'Rosell');\ncy.get('input#postal-code').type('123283');\ncy.get('input#postal-code').should('have.value', '123283');\ncy.get('#continue').click();",
                  "err": {},
                  "uuid": "92520ef7-4e41-4784-bf77-622ef8ffbeab",
                  "parentUUID": "7966f5f1-c373-443c-9456-4e67c5c864c0",
                  "isHook": false,
                  "skipped": false
                },
                {
                  "title": "debe completar la compra",
                  "fullTitle": "Comprar dos productos Ingresar con el usuario standard_user debe completar la compra",
                  "timedOut": null,
                  "duration": 182,
                  "state": "passed",
                  "speed": "fast",
                  "pass": true,
                  "fail": false,
                  "pending": false,
                  "context": null,
                  "code": "cy.url().should('include', '/checkout-step-two.html');\ncy.get('.cart_item').should('have.length', 2);\ncy.get('#finish').click();\ncy.get('.complete-header').should('contain', 'Thank you for your order!');\ncy.get('#back-to-products').click();",
                  "err": {},
                  "uuid": "8cbbde11-397f-4458-bfa8-bcec25373c95",
                  "parentUUID": "7966f5f1-c373-443c-9456-4e67c5c864c0",
                  "isHook": false,
                  "skipped": false
                }
              ],
              "suites": [],
              "passes": [
                "df653dc3-3348-4448-9b47-6ad288d52019",
                "88dabf25-00da-4723-8741-7b6ef783af6a",
                "ece2f5b7-ca77-4770-ad92-c0d04d1ad3c7",
                "92520ef7-4e41-4784-bf77-622ef8ffbeab",
                "8cbbde11-397f-4458-bfa8-bcec25373c95"
              ],
              "failures": [],
              "pending": [],
              "skipped": [],
              "duration": 3496,
              "root": false,
              "rootEmpty": false,
              "_timeout": 2000
            }
          ],
          "passes": [],
          "failures": [],
          "pending": [],
          "skipped": [],
          "duration": 0,
          "root": false,
          "rootEmpty": false,
          "_timeout": 2000
        }
      ],
      "passes": [],
      "failures": [],
      "pending": [],
      "skipped": [],
      "duration": 0,
      "root": true,
      "rootEmpty": true,
      "_timeout": 2000
    },
    {
      "uuid": "8d61b095-f281-46d1-9064-40ba43ad8d49",
      "title": "",
      "fullFile": "cypress\\e2e\\compra-saucedemo\\compra.cy.js",
      "file": "cypress\\e2e\\compra-saucedemo\\compra.cy.js",
      "beforeHooks": [],
      "afterHooks": [],
      "tests": [],
      "suites": [
        {
          "uuid": "f6b871b7-19e5-4313-a4eb-dd288f2a946c",
          "title": "Comprar dos productos",
          "fullFile": "",
          "file": "",
          "beforeHooks": [],
          "afterHooks": [],
          "tests": [],
          "suites": [
            {
              "uuid": "683dc238-9b26-4ae8-bcc7-d4356ede31f9",
              "title": "Ingresar con el usuario standard_user",
              "fullFile": "",
              "file": "",
              "beforeHooks": [],
              "afterHooks": [],
              "tests": [
                {
                  "title": "debe ingresar a la tienda",
                  "fullTitle": "Comprar dos productos Ingresar con el usuario standard_user debe ingresar a la tienda",
                  "timedOut": null,
                  "duration": 2034,
                  "state": "passed",
                  "speed": "fast",
                  "pass": true,
                  "fail": false,
                  "pending": false,
                  "context": null,
                  "code": "cy.get('#user-name').type(\"standard_user\");\ncy.get('#user-name').should('have.value', 'standard_user');\ncy.get('#password').type(\"secret_sauce\");\ncy.get('#password').should('have.value', 'secret_sauce');\ncy.get('#login-button').click();",
                  "err": {},
                  "uuid": "a04000ce-ed96-4814-8110-81d02d09499e",
                  "parentUUID": "683dc238-9b26-4ae8-bcc7-d4356ede31f9",
                  "isHook": false,
                  "skipped": false
                },
                {
                  "title": "debe agregar dos productos al carrito",
                  "fullTitle": "Comprar dos productos Ingresar con el usuario standard_user debe agregar dos productos al carrito",
                  "timedOut": null,
                  "duration": 195,
                  "state": "passed",
                  "speed": "fast",
                  "pass": true,
                  "fail": false,
                  "pending": false,
                  "context": null,
                  "code": "cy.url().should(\"include\", \"/inventory.html\");\ncy.get('.inventory_item_name').contains('Sauce Labs Backpack').parentsUntil('.inventory_item_description').parent().find('button').focus().click();\ncy.get('div.inventory_item_name').contains('Sauce Labs Fleece Jacket').parentsUntil('.inventory_item_description').parent().find('button').focus().click({});\ncy.get('span.shopping_cart_badge').should('contain', '2');",
                  "err": {},
                  "uuid": "ffe3fcbe-17df-4b28-9bac-8aade5e9da16",
                  "parentUUID": "683dc238-9b26-4ae8-bcc7-d4356ede31f9",
                  "isHook": false,
                  "skipped": false
                },
                {
                  "title": "debe visualizar el carrito",
                  "fullTitle": "Comprar dos productos Ingresar con el usuario standard_user debe visualizar el carrito",
                  "timedOut": null,
                  "duration": 102,
                  "state": "passed",
                  "speed": "fast",
                  "pass": true,
                  "fail": false,
                  "pending": false,
                  "context": null,
                  "code": "cy.get('div.shopping_cart_container > a').click();\ncy.url().should(\"include\", \"/cart.html\");\ncy.get('div.cart_item').should('have.length', 2);",
                  "err": {},
                  "uuid": "a91d2a2c-624d-4985-8e30-9302677b01a4",
                  "parentUUID": "683dc238-9b26-4ae8-bcc7-d4356ede31f9",
                  "isHook": false,
                  "skipped": false
                },
                {
                  "title": "debe llenar el formulario de compra",
                  "fullTitle": "Comprar dos productos Ingresar con el usuario standard_user debe llenar el formulario de compra",
                  "timedOut": null,
                  "duration": 816,
                  "state": "passed",
                  "speed": "fast",
                  "pass": true,
                  "fail": false,
                  "pending": false,
                  "context": null,
                  "code": "cy.get('#checkout').click();\ncy.url().should('include', '/checkout-step-one.html');\ncy.get('input#first-name').type('Rose');\ncy.get('input#first-name').should('have.value', 'Rose');\ncy.get('input#last-name').type('Rosell');\ncy.get('input#last-name').should('have.value', 'Rosell');\ncy.get('input#postal-code').type('123283');\ncy.get('input#postal-code').should('have.value', '123283');\ncy.get('#continue').click();",
                  "err": {},
                  "uuid": "e9410b6d-d080-4b5f-ba51-25b16de2e9f2",
                  "parentUUID": "683dc238-9b26-4ae8-bcc7-d4356ede31f9",
                  "isHook": false,
                  "skipped": false
                },
                {
                  "title": "debe completar la compra",
                  "fullTitle": "Comprar dos productos Ingresar con el usuario standard_user debe completar la compra",
                  "timedOut": null,
                  "duration": 176,
                  "state": "passed",
                  "speed": "fast",
                  "pass": true,
                  "fail": false,
                  "pending": false,
                  "context": null,
                  "code": "cy.url().should('include', '/checkout-step-two.html');\ncy.get('.cart_item').should('have.length', 2);\ncy.get('#finish').click();\ncy.get('.complete-header').should('contain', 'Thank you for your order!');\ncy.get('#back-to-products').click();",
                  "err": {},
                  "uuid": "76256066-5147-4d23-a94f-b64a7260cb9d",
                  "parentUUID": "683dc238-9b26-4ae8-bcc7-d4356ede31f9",
                  "isHook": false,
                  "skipped": false
                }
              ],
              "suites": [],
              "passes": [
                "a04000ce-ed96-4814-8110-81d02d09499e",
                "ffe3fcbe-17df-4b28-9bac-8aade5e9da16",
                "a91d2a2c-624d-4985-8e30-9302677b01a4",
                "e9410b6d-d080-4b5f-ba51-25b16de2e9f2",
                "76256066-5147-4d23-a94f-b64a7260cb9d"
              ],
              "failures": [],
              "pending": [],
              "skipped": [],
              "duration": 3323,
              "root": false,
              "rootEmpty": false,
              "_timeout": 2000
            }
          ],
          "passes": [],
          "failures": [],
          "pending": [],
          "skipped": [],
          "duration": 0,
          "root": false,
          "rootEmpty": false,
          "_timeout": 2000
        }
      ],
      "passes": [],
      "failures": [],
      "pending": [],
      "skipped": [],
      "duration": 0,
      "root": true,
      "rootEmpty": true,
      "_timeout": 2000
    }
  ],
  "meta": {
    "mocha": {
      "version": "7.0.1"
    },
    "mochawesome": {
      "options": {
        "quiet": false,
        "reportFilename": "mochawesome",
        "saveHtml": false,
        "saveJson": true,
        "consoleReporter": "spec",
        "useInlineDiffs": false,
        "code": true
      },
      "version": "7.1.3"
    },
    "marge": {
      "options": {
        "reportDir": "cypress/results",
        "overwrite": false,
        "html": false,
        "json": true
      },
      "version": "6.2.0"
    }
  }
}