{
  "stats": {
    "suites": 2,
    "tests": 10,
    "passes": 10,
    "pending": 0,
    "failures": 0,
    "testsRegistered": 10,
    "passPercent": 100,
    "pendingPercent": 0,
    "other": 0,
    "hasOther": false,
    "skipped": 0,
    "hasSkipped": false,
    "start": "2024-05-10T14:05:17.935Z",
    "end": "2024-05-10T14:07:19.012Z",
    "duration": 121077
  },
  "results": [
    {
      "uuid": "8374a7ea-8eb7-46c7-9756-18e0ec80ce87",
      "title": "",
      "fullFile": "cypress\\e2e\\compra-saucedemo\\compra.cy.js",
      "file": "cypress\\e2e\\compra-saucedemo\\compra.cy.js",
      "beforeHooks": [],
      "afterHooks": [],
      "tests": [],
      "suites": [
        {
          "uuid": "76024419-fd1b-44e6-87fc-d21271ac32b9",
          "title": "Comprar dos productos",
          "fullFile": "",
          "file": "",
          "beforeHooks": [],
          "afterHooks": [],
          "tests": [],
          "suites": [
            {
              "uuid": "2676d0c7-85d1-4218-899c-8bd00a7e27d8",
              "title": "Ingresar con el usuario standard_user",
              "fullFile": "",
              "file": "",
              "beforeHooks": [],
              "afterHooks": [],
              "tests": [
                {
                  "title": "debe ingresar a la tienda",
                  "fullTitle": "Comprar dos productos Ingresar con el usuario standard_user debe ingresar a la tienda",
                  "timedOut": null,
                  "duration": 2645,
                  "state": "passed",
                  "speed": "fast",
                  "pass": true,
                  "fail": false,
                  "pending": false,
                  "context": null,
                  "code": "cy.get('#user-name').type(\"standard_user\");\ncy.get('#user-name').should('have.value', 'standard_user');\ncy.get('#password').type(\"secret_sauce\");\ncy.get('#password').should('have.value', 'secret_sauce');\ncy.get('#login-button').click();",
                  "err": {},
                  "uuid": "37552985-d603-4d71-ba7f-f2e97d75c454",
                  "parentUUID": "2676d0c7-85d1-4218-899c-8bd00a7e27d8",
                  "isHook": false,
                  "skipped": false
                },
                {
                  "title": "debe agregar dos productos al carrito",
                  "fullTitle": "Comprar dos productos Ingresar con el usuario standard_user debe agregar dos productos al carrito",
                  "timedOut": null,
                  "duration": 335,
                  "state": "passed",
                  "speed": "fast",
                  "pass": true,
                  "fail": false,
                  "pending": false,
                  "context": null,
                  "code": "cy.url().should(\"include\", \"/inventory.html\");\ncy.get('.inventory_item_name').contains('Sauce Labs Backpack').parentsUntil('.inventory_item_description').parent().find('button').focus().click();\ncy.get('div.inventory_item_name').contains('Sauce Labs Fleece Jacket').parentsUntil('.inventory_item_description').parent().find('button').focus().click({});\ncy.get('span.shopping_cart_badge').should('contain', '2');",
                  "err": {},
                  "uuid": "249fea41-447a-4c39-8913-29119b051794",
                  "parentUUID": "2676d0c7-85d1-4218-899c-8bd00a7e27d8",
                  "isHook": false,
                  "skipped": false
                },
                {
                  "title": "debe visualizar el carrito",
                  "fullTitle": "Comprar dos productos Ingresar con el usuario standard_user debe visualizar el carrito",
                  "timedOut": null,
                  "duration": 132,
                  "state": "passed",
                  "speed": "fast",
                  "pass": true,
                  "fail": false,
                  "pending": false,
                  "context": null,
                  "code": "cy.get('div.shopping_cart_container > a').click();\ncy.url().should(\"include\", \"/cart.html\");\ncy.get('div.cart_item').should('have.length', 2);",
                  "err": {},
                  "uuid": "f76b89e4-c7cd-4b85-a55b-c78a706e142a",
                  "parentUUID": "2676d0c7-85d1-4218-899c-8bd00a7e27d8",
                  "isHook": false,
                  "skipped": false
                },
                {
                  "title": "debe llenar el formulario de compra",
                  "fullTitle": "Comprar dos productos Ingresar con el usuario standard_user debe llenar el formulario de compra",
                  "timedOut": null,
                  "duration": 994,
                  "state": "passed",
                  "speed": "fast",
                  "pass": true,
                  "fail": false,
                  "pending": false,
                  "context": null,
                  "code": "cy.get('#checkout').click();\ncy.url().should('include', '/checkout-step-one.html');\ncy.get('input#first-name').type('Rose');\ncy.get('input#first-name').should('have.value', 'Rose');\ncy.get('input#last-name').type('Rosell');\ncy.get('input#last-name').should('have.value', 'Rosell');\ncy.get('input#postal-code').type('123283');\ncy.get('input#postal-code').should('have.value', '123283');\ncy.get('#continue').click();",
                  "err": {},
                  "uuid": "db09f21f-dabb-4de9-a0b4-e439d9e5d0dd",
                  "parentUUID": "2676d0c7-85d1-4218-899c-8bd00a7e27d8",
                  "isHook": false,
                  "skipped": false
                },
                {
                  "title": "debe completar la compra",
                  "fullTitle": "Comprar dos productos Ingresar con el usuario standard_user debe completar la compra",
                  "timedOut": null,
                  "duration": 272,
                  "state": "passed",
                  "speed": "fast",
                  "pass": true,
                  "fail": false,
                  "pending": false,
                  "context": null,
                  "code": "cy.url().should('include', '/checkout-step-two.html');\ncy.get('.cart_item').should('have.length', 2);\ncy.get('#finish').click();\ncy.get('.complete-header').should('contain', 'Thank you for your order!');\ncy.get('#back-to-products').click();",
                  "err": {},
                  "uuid": "f80051ec-ddc4-47b8-aa48-93fa94939176",
                  "parentUUID": "2676d0c7-85d1-4218-899c-8bd00a7e27d8",
                  "isHook": false,
                  "skipped": false
                }
              ],
              "suites": [],
              "passes": [
                "37552985-d603-4d71-ba7f-f2e97d75c454",
                "249fea41-447a-4c39-8913-29119b051794",
                "f76b89e4-c7cd-4b85-a55b-c78a706e142a",
                "db09f21f-dabb-4de9-a0b4-e439d9e5d0dd",
                "f80051ec-ddc4-47b8-aa48-93fa94939176"
              ],
              "failures": [],
              "pending": [],
              "skipped": [],
              "duration": 4378,
              "root": false,
              "rootEmpty": false,
              "_timeout": 2000
            }
          ],
          "passes": [],
          "failures": [],
          "pending": [],
          "skipped": [],
          "duration": 0,
          "root": false,
          "rootEmpty": false,
          "_timeout": 2000
        }
      ],
      "passes": [],
      "failures": [],
      "pending": [],
      "skipped": [],
      "duration": 0,
      "root": true,
      "rootEmpty": true,
      "_timeout": 2000
    },
    {
      "uuid": "262392e0-d58e-4dcf-83ce-c91dc1321fdd",
      "title": "",
      "fullFile": "cypress\\e2e\\compra-saucedemo\\compra.cy.js",
      "file": "cypress\\e2e\\compra-saucedemo\\compra.cy.js",
      "beforeHooks": [],
      "afterHooks": [],
      "tests": [],
      "suites": [
        {
          "uuid": "761b478e-a740-4380-9476-e152e995024c",
          "title": "Comprar dos productos",
          "fullFile": "",
          "file": "",
          "beforeHooks": [],
          "afterHooks": [],
          "tests": [],
          "suites": [
            {
              "uuid": "6be301a0-15c4-4aaf-bbd5-608baac87903",
              "title": "Ingresar con el usuario standard_user",
              "fullFile": "",
              "file": "",
              "beforeHooks": [],
              "afterHooks": [],
              "tests": [
                {
                  "title": "debe ingresar a la tienda",
                  "fullTitle": "Comprar dos productos Ingresar con el usuario standard_user debe ingresar a la tienda",
                  "timedOut": null,
                  "duration": 2763,
                  "state": "passed",
                  "speed": "fast",
                  "pass": true,
                  "fail": false,
                  "pending": false,
                  "context": null,
                  "code": "cy.get('#user-name').type(\"standard_user\");\ncy.get('#user-name').should('have.value', 'standard_user');\ncy.get('#password').type(\"secret_sauce\");\ncy.get('#password').should('have.value', 'secret_sauce');\ncy.get('#login-button').click();",
                  "err": {},
                  "uuid": "4f80f2e1-a4aa-4218-898f-c4c20d310e5e",
                  "parentUUID": "6be301a0-15c4-4aaf-bbd5-608baac87903",
                  "isHook": false,
                  "skipped": false
                },
                {
                  "title": "debe agregar dos productos al carrito",
                  "fullTitle": "Comprar dos productos Ingresar con el usuario standard_user debe agregar dos productos al carrito",
                  "timedOut": null,
                  "duration": 290,
                  "state": "passed",
                  "speed": "fast",
                  "pass": true,
                  "fail": false,
                  "pending": false,
                  "context": null,
                  "code": "cy.url().should(\"include\", \"/inventory.html\");\ncy.get('.inventory_item_name').contains('Sauce Labs Backpack').parentsUntil('.inventory_item_description').parent().find('button').focus().click();\ncy.get('div.inventory_item_name').contains('Sauce Labs Fleece Jacket').parentsUntil('.inventory_item_description').parent().find('button').focus().click({});\ncy.get('span.shopping_cart_badge').should('contain', '2');",
                  "err": {},
                  "uuid": "513b1669-3192-48fd-867a-d83b1f2b113d",
                  "parentUUID": "6be301a0-15c4-4aaf-bbd5-608baac87903",
                  "isHook": false,
                  "skipped": false
                },
                {
                  "title": "debe visualizar el carrito",
                  "fullTitle": "Comprar dos productos Ingresar con el usuario standard_user debe visualizar el carrito",
                  "timedOut": null,
                  "duration": 118,
                  "state": "passed",
                  "speed": "fast",
                  "pass": true,
                  "fail": false,
                  "pending": false,
                  "context": null,
                  "code": "cy.get('div.shopping_cart_container > a').click();\ncy.url().should(\"include\", \"/cart.html\");\ncy.get('div.cart_item').should('have.length', 2);",
                  "err": {},
                  "uuid": "988f0608-c4f7-48e1-a484-ce1fa67d9147",
                  "parentUUID": "6be301a0-15c4-4aaf-bbd5-608baac87903",
                  "isHook": false,
                  "skipped": false
                },
                {
                  "title": "debe llenar el formulario de compra",
                  "fullTitle": "Comprar dos productos Ingresar con el usuario standard_user debe llenar el formulario de compra",
                  "timedOut": null,
                  "duration": 1050,
                  "state": "passed",
                  "speed": "fast",
                  "pass": true,
                  "fail": false,
                  "pending": false,
                  "context": null,
                  "code": "cy.get('#checkout').click();\ncy.url().should('include', '/checkout-step-one.html');\ncy.get('input#first-name').type('Rose');\ncy.get('input#first-name').should('have.value', 'Rose');\ncy.get('input#last-name').type('Rosell');\ncy.get('input#last-name').should('have.value', 'Rosell');\ncy.get('input#postal-code').type('123283');\ncy.get('input#postal-code').should('have.value', '123283');\ncy.get('#continue').click();",
                  "err": {},
                  "uuid": "bdd0a3e2-071d-4ec6-ab25-77a56f8cc073",
                  "parentUUID": "6be301a0-15c4-4aaf-bbd5-608baac87903",
                  "isHook": false,
                  "skipped": false
                },
                {
                  "title": "debe completar la compra",
                  "fullTitle": "Comprar dos productos Ingresar con el usuario standard_user debe completar la compra",
                  "timedOut": null,
                  "duration": 223,
                  "state": "passed",
                  "speed": "fast",
                  "pass": true,
                  "fail": false,
                  "pending": false,
                  "context": null,
                  "code": "cy.url().should('include', '/checkout-step-two.html');\ncy.get('.cart_item').should('have.length', 2);\ncy.get('#finish').click();\ncy.get('.complete-header').should('contain', 'Thank you for your order!');\ncy.get('#back-to-products').click();",
                  "err": {},
                  "uuid": "5f597c4c-4912-49a7-9837-923259990925",
                  "parentUUID": "6be301a0-15c4-4aaf-bbd5-608baac87903",
                  "isHook": false,
                  "skipped": false
                }
              ],
              "suites": [],
              "passes": [
                "4f80f2e1-a4aa-4218-898f-c4c20d310e5e",
                "513b1669-3192-48fd-867a-d83b1f2b113d",
                "988f0608-c4f7-48e1-a484-ce1fa67d9147",
                "bdd0a3e2-071d-4ec6-ab25-77a56f8cc073",
                "5f597c4c-4912-49a7-9837-923259990925"
              ],
              "failures": [],
              "pending": [],
              "skipped": [],
              "duration": 4444,
              "root": false,
              "rootEmpty": false,
              "_timeout": 2000
            }
          ],
          "passes": [],
          "failures": [],
          "pending": [],
          "skipped": [],
          "duration": 0,
          "root": false,
          "rootEmpty": false,
          "_timeout": 2000
        }
      ],
      "passes": [],
      "failures": [],
      "pending": [],
      "skipped": [],
      "duration": 0,
      "root": true,
      "rootEmpty": true,
      "_timeout": 2000
    }
  ],
  "meta": {
    "mocha": {
      "version": "7.0.1"
    },
    "mochawesome": {
      "options": {
        "quiet": false,
        "reportFilename": "mochawesome",
        "saveHtml": false,
        "saveJson": true,
        "consoleReporter": "spec",
        "useInlineDiffs": false,
        "code": true
      },
      "version": "7.1.3"
    },
    "marge": {
      "options": {
        "reportDir": "cypress/results",
        "overwrite": false,
        "html": false,
        "json": true
      },
      "version": "6.2.0"
    }
  }
}